0 info it worked if it ends with ok
1 verbose cli [ '/usr/local/bin/node', '/usr/local/bin/npm', 'run', 'wl' ]
2 info using npm@4.1.2
3 info using node@v7.7.1
4 verbose run-script [ 'prewl', 'wl', 'postwl' ]
5 info lifecycle alien@1.0.0~prewl: alien@1.0.0
6 silly lifecycle alien@1.0.0~prewl: no script for prewl, continuing
7 info lifecycle alien@1.0.0~wl: alien@1.0.0
8 verbose lifecycle alien@1.0.0~wl: unsafe-perm in lifecycle true
9 verbose lifecycle alien@1.0.0~wl: PATH: /usr/local/lib/node_modules/npm/bin/node-gyp-bin:/Users/tianming/Desktop/github_me/frontend_express/node_modules/.bin:/usr/local/bin:/usr/bin:/bin:/usr/sbin:/sbin:/Applications/Wireshark.app/Contents/MacOS
10 verbose lifecycle alien@1.0.0~wl: CWD: /Users/tianming/Desktop/github_me/frontend_express
11 silly lifecycle alien@1.0.0~wl: Args: [ '-c', 'grunt wl' ]
12 silly lifecycle alien@1.0.0~wl: Returned: code: 1  signal: null
13 info lifecycle alien@1.0.0~wl: Failed to exec wl script
14 verbose stack Error: alien@1.0.0 wl: `grunt wl`
14 verbose stack Exit status 1
14 verbose stack     at EventEmitter.<anonymous> (/usr/local/lib/node_modules/npm/lib/utils/lifecycle.js:279:16)
14 verbose stack     at emitTwo (events.js:106:13)
14 verbose stack     at EventEmitter.emit (events.js:194:7)
14 verbose stack     at ChildProcess.<anonymous> (/usr/local/lib/node_modules/npm/lib/utils/spawn.js:40:14)
14 verbose stack     at emitTwo (events.js:106:13)
14 verbose stack     at ChildProcess.emit (events.js:194:7)
14 verbose stack     at maybeClose (internal/child_process.js:899:16)
14 verbose stack     at Process.ChildProcess._handle.onexit (internal/child_process.js:226:5)
15 verbose pkgid alien@1.0.0
16 verbose cwd /Users/tianming/Desktop/github_me/frontend_express
17 error Darwin 15.5.0
18 error argv "/usr/local/bin/node" "/usr/local/bin/npm" "run" "wl"
19 error node v7.7.1
20 error npm  v4.1.2
21 error code ELIFECYCLE
22 error alien@1.0.0 wl: `grunt wl`
22 error Exit status 1
23 error Failed at the alien@1.0.0 wl script 'grunt wl'.
23 error Make sure you have the latest version of node.js and npm installed.
23 error If you do, this is most likely a problem with the alien package,
23 error not with npm itself.
23 error Tell the author that this fails on your system:
23 error     grunt wl
23 error You can get information on how to open an issue for this project with:
23 error     npm bugs alien
23 error Or if that isn't available, you can get their info via:
23 error     npm owner ls alien
23 error There is likely additional logging output above.
24 verbose exit [ 1, true ]
